16:23:29.243 [main] INFO  testCases.TC005_SRPCarsTest - **** Starting TC005_SRPCarsTest ****
16:23:31.206 [main] INFO  testCases.TC005_SRPCarsTest - **** Ending TC005_SRPCarsTest ****
16:25:42.798 [main] INFO  testCases.TC005_SRPCarsTest - **** Starting TC005_SRPCarsTest ****
16:25:45.344 [main] INFO  testCases.TC005_SRPCarsTest - **** Ending TC005_SRPCarsTest ****
14:41:14.792 [main] INFO  testCases.TC005_SRPCarsTest - **** Starting TC005_SRPCarsTest ****
14:41:16.240 [main] INFO  testCases.TC005_SRPCarsTest - **** Ending TC005_SRPCarsTest ****
13:53:28.331 [main] INFO  testCases.TC002_LoginTest - ******Starting TC_002_LoginTest
13:55:49.901 [main] INFO  testCases.TC002_LoginTest - ******Starting TC_002_LoginTest
14:02:08.409 [main] INFO  testCases.TC002_LoginTest - ******Starting TC_002_LoginTest
14:06:54.835 [main] INFO  testCases.TC002_LoginTest - ******Starting TC_002_LoginTest
14:19:48.502 [main] INFO  testCases.TC002_LoginTest - ******Starting TC_002_LoginTest
14:32:35.269 [main] INFO  testCases.TC002_LoginTest - ******Starting TC_002_LoginTest
14:32:35.683 [main] INFO  testCases.TC002_LoginTest - ******Login Finished TC_002_LoginTest
14:32:35.684 [main] INFO  testCases.TC002_LoginTest - ******Finished TC_002_LoginTest
14:34:21.646 [main] INFO  testCases.TC002_LoginTest - ******Starting TC_002_LoginTest
14:34:22.054 [main] INFO  testCases.TC002_LoginTest - ******Login Finished TC_002_LoginTest
14:34:22.055 [main] INFO  testCases.TC002_LoginTest - ******Finished TC_002_LoginTest
16:00:44.309 [main] INFO  testCases.TC005_SRPCarsTest - **** Starting TC005_SRPCarsTest ****
16:00:46.182 [main] INFO  testCases.TC005_SRPCarsTest - **** Ending TC005_SRPCarsTest ****
16:04:51.482 [main] INFO  testCases.TC005_SRPCarsTest - **** Starting TC005_SRPCarsTest ****
16:04:53.285 [main] INFO  testCases.TC005_SRPCarsTest - **** Ending TC005_SRPCarsTest ****
