10:13:40.099 [TestNG-tests-1] INFO  testCases.TC001_AccountRegistrationTest - Clicked on MyAccount Link...
10:13:42.554 [TestNG-tests-1] INFO  testCases.TC001_AccountRegistrationTest - Clicked on Register Link...
10:13:42.554 [TestNG-tests-1] INFO  testCases.TC001_AccountRegistrationTest - Providing customer details.....
10:13:47.874 [TestNG-tests-1] INFO  testCases.TC001_AccountRegistrationTest - Validating expected message.....
10:13:47.991 [TestNG-tests-1] INFO  testCases.TC001_AccountRegistrationTest - **** Finished TC001_AccountRegistrationTest ****
10:14:50.724 [TestNG-tests-3] INFO  testCases.TC001_AccountRegistrationTest - **** Starting TC001_AccountRegistrationTest ****
10:14:51.005 [TestNG-tests-3] INFO  testCases.TC001_AccountRegistrationTest - Clicked on MyAccount Link...
10:14:51.599 [TestNG-tests-3] INFO  testCases.TC001_AccountRegistrationTest - Clicked on Register Link...
10:14:51.600 [TestNG-tests-3] INFO  testCases.TC001_AccountRegistrationTest - Providing customer details.....
10:14:52.875 [TestNG-tests-3] INFO  testCases.TC001_AccountRegistrationTest - Validating expected message.....
10:14:52.896 [TestNG-tests-3] INFO  testCases.TC001_AccountRegistrationTest - **** Finished TC001_AccountRegistrationTest ****
10:14:54.429 [TestNG-tests-1] INFO  testCases.TC001_AccountRegistrationTest - **** Starting TC001_AccountRegistrationTest ****
10:14:55.275 [TestNG-tests-1] INFO  testCases.TC001_AccountRegistrationTest - Clicked on MyAccount Link...
10:14:58.579 [TestNG-tests-1] INFO  testCases.TC001_AccountRegistrationTest - Clicked on Register Link...
10:14:58.579 [TestNG-tests-1] INFO  testCases.TC001_AccountRegistrationTest - Providing customer details.....
10:15:02.852 [TestNG-tests-1] INFO  testCases.TC001_AccountRegistrationTest - Validating expected message.....
10:15:02.941 [TestNG-tests-1] INFO  testCases.TC001_AccountRegistrationTest - **** Finished TC001_AccountRegistrationTest ****
10:20:09.643 [TestNG-tests-3] INFO  testCases.TC001_AccountRegistrationTest - **** Starting TC001_AccountRegistrationTest ****
10:20:09.914 [TestNG-tests-3] INFO  testCases.TC001_AccountRegistrationTest - Clicked on MyAccount Link...
10:20:10.487 [TestNG-tests-3] INFO  testCases.TC001_AccountRegistrationTest - Clicked on Register Link...
10:20:10.488 [TestNG-tests-3] INFO  testCases.TC001_AccountRegistrationTest - Providing customer details.....
10:20:11.798 [TestNG-tests-3] INFO  testCases.TC001_AccountRegistrationTest - Validating expected message.....
10:20:11.819 [TestNG-tests-3] INFO  testCases.TC001_AccountRegistrationTest - **** Finished TC001_AccountRegistrationTest ****
10:20:13.742 [TestNG-tests-1] INFO  testCases.TC001_AccountRegistrationTest - **** Starting TC001_AccountRegistrationTest ****
10:20:14.569 [TestNG-tests-1] INFO  testCases.TC001_AccountRegistrationTest - Clicked on MyAccount Link...
10:20:16.994 [TestNG-tests-1] INFO  testCases.TC001_AccountRegistrationTest - Clicked on Register Link...
10:20:16.995 [TestNG-tests-1] INFO  testCases.TC001_AccountRegistrationTest - Providing customer details.....
10:20:20.977 [TestNG-tests-1] INFO  testCases.TC001_AccountRegistrationTest - Validating expected message.....
10:20:21.080 [TestNG-tests-1] INFO  testCases.TC001_AccountRegistrationTest - **** Finished TC001_AccountRegistrationTest ****
10:43:57.086 [main] INFO  testCases.TC001_AccountRegistrationTest - **** Starting TC001_AccountRegistrationTest ****
10:43:58.045 [main] INFO  testCases.TC001_AccountRegistrationTest - Clicked on MyAccount Link...
10:44:01.356 [main] INFO  testCases.TC001_AccountRegistrationTest - Clicked on Register Link...
10:44:01.357 [main] INFO  testCases.TC001_AccountRegistrationTest - Providing customer details.....
10:44:04.895 [main] INFO  testCases.TC001_AccountRegistrationTest - Validating expected message.....
10:44:04.988 [main] INFO  testCases.TC001_AccountRegistrationTest - **** Finished TC001_AccountRegistrationTest ****
11:02:12.235 [main] INFO  testCases.TC001_AccountRegistrationTest - **** Starting TC001_AccountRegistrationTest ****
11:02:13.107 [main] INFO  testCases.TC001_AccountRegistrationTest - Clicked on MyAccount Link...
11:02:15.968 [main] INFO  testCases.TC001_AccountRegistrationTest - Clicked on Register Link...
11:02:15.968 [main] INFO  testCases.TC001_AccountRegistrationTest - Providing customer details.....
11:02:19.290 [main] INFO  testCases.TC001_AccountRegistrationTest - Validating expected message.....
11:02:19.381 [main] INFO  testCases.TC001_AccountRegistrationTest - **** Finished TC001_AccountRegistrationTest ****
12:32:18.877 [main] INFO  testCases.TC001_AccountRegistrationTest - **** Starting TC001_AccountRegistrationTest ****
12:32:44.305 [main] INFO  testCases.TC001_AccountRegistrationTest - Clicked on Sign Up Link...
12:32:44.306 [main] INFO  testCases.TC001_AccountRegistrationTest - Providing customer details.....
12:34:24.345 [main] INFO  testCases.TC001_AccountRegistrationTest - **** Starting TC001_AccountRegistrationTest ****
12:34:54.268 [main] INFO  testCases.TC001_AccountRegistrationTest - Clicked on Sign Up Link...
